<?xml version="1.0" encoding="UTF-8"?>
<testsuite xmlns:xsi="http://www.w3.org/2001/XMLSchema-instance" xsi:noNamespaceSchemaLocation="https://maven.apache.org/surefire/maven-surefire-plugin/xsd/surefire-test-report.xsd" name="TestRunner" time="0.837" tests="1" errors="0" skipped="0" failures="0">
  <properties>
    <property name="java.specification.version" value="21"/>
    <property name="sun.cpu.isalist" value="amd64"/>
    <property name="sun.jnu.encoding" value="Cp1252"/>
    <property name="java.class.path" value="E:\KarateAPIAutomation\automate-karateAPIAutomation\target\test-classes;E:\KarateAPIAutomation\automate-karateAPIAutomation\target\classes;C:\Users\DELL\.m2\repository\com\intuit\karate\karate-junit5\1.4.1\karate-junit5-1.4.1.jar;C:\Users\DELL\.m2\repository\org\junit\jupiter\junit-jupiter-api\5.9.3\junit-jupiter-api-5.9.3.jar;C:\Users\DELL\.m2\repository\org\opentest4j\opentest4j\1.2.0\opentest4j-1.2.0.jar;C:\Users\DELL\.m2\repository\org\junit\platform\junit-platform-commons\1.9.3\junit-platform-commons-1.9.3.jar;C:\Users\DELL\.m2\repository\org\apiguardian\apiguardian-api\1.1.2\apiguardian-api-1.1.2.jar;C:\Users\DELL\.m2\repository\org\junit\jupiter\junit-jupiter-engine\5.9.3\junit-jupiter-engine-5.9.3.jar;C:\Users\DELL\.m2\repository\org\junit\platform\junit-platform-engine\1.9.3\junit-platform-engine-1.9.3.jar;C:\Users\DELL\.m2\repository\com\intuit\karate\karate-core\1.4.1\karate-core-1.4.1.jar;C:\Users\DELL\.m2\repository\org\graalvm\js\js-scriptengine\22.3.3\js-scriptengine-22.3.3.jar;C:\Users\DELL\.m2\repository\org\graalvm\sdk\graal-sdk\22.3.3\graal-sdk-22.3.3.jar;C:\Users\DELL\.m2\repository\org\graalvm\js\js\22.3.3\js-22.3.3.jar;C:\Users\DELL\.m2\repository\org\graalvm\regex\regex\22.3.3\regex-22.3.3.jar;C:\Users\DELL\.m2\repository\org\graalvm\truffle\truffle-api\22.3.3\truffle-api-22.3.3.jar;C:\Users\DELL\.m2\repository\com\ibm\icu\icu4j\71.1\icu4j-71.1.jar;C:\Users\DELL\.m2\repository\org\thymeleaf\thymeleaf\3.1.2.RELEASE\thymeleaf-3.1.2.RELEASE.jar;C:\Users\DELL\.m2\repository\ognl\ognl\3.3.4\ognl-3.3.4.jar;C:\Users\DELL\.m2\repository\org\javassist\javassist\3.29.0-GA\javassist-3.29.0-GA.jar;C:\Users\DELL\.m2\repository\org\attoparser\attoparser\2.0.7.RELEASE\attoparser-2.0.7.RELEASE.jar;C:\Users\DELL\.m2\repository\org\unbescape\unbescape\1.1.6.RELEASE\unbescape-1.1.6.RELEASE.jar;C:\Users\DELL\.m2\repository\org\slf4j\slf4j-api\2.0.7\slf4j-api-2.0.7.jar;C:\Users\DELL\.m2\repository\com\linecorp\armeria\armeria\1.25.2\armeria-1.25.2.jar;C:\Users\DELL\.m2\repository\com\fasterxml\jackson\core\jackson-core\2.15.2\jackson-core-2.15.2.jar;C:\Users\DELL\.m2\repository\com\fasterxml\jackson\core\jackson-annotations\2.15.2\jackson-annotations-2.15.2.jar;C:\Users\DELL\.m2\repository\com\fasterxml\jackson\datatype\jackson-datatype-jdk8\2.15.2\jackson-datatype-jdk8-2.15.2.jar;C:\Users\DELL\.m2\repository\io\micrometer\micrometer-core\1.11.3\micrometer-core-1.11.3.jar;C:\Users\DELL\.m2\repository\io\micrometer\micrometer-commons\1.11.3\micrometer-commons-1.11.3.jar;C:\Users\DELL\.m2\repository\io\micrometer\micrometer-observation\1.11.3\micrometer-observation-1.11.3.jar;C:\Users\DELL\.m2\repository\org\hdrhistogram\HdrHistogram\2.1.12\HdrHistogram-2.1.12.jar;C:\Users\DELL\.m2\repository\org\latencyutils\LatencyUtils\2.0.3\LatencyUtils-2.0.3.jar;C:\Users\DELL\.m2\repository\io\netty\netty-transport\4.1.96.Final\netty-transport-4.1.96.Final.jar;C:\Users\DELL\.m2\repository\io\netty\netty-common\4.1.96.Final\netty-common-4.1.96.Final.jar;C:\Users\DELL\.m2\repository\io\netty\netty-buffer\4.1.96.Final\netty-buffer-4.1.96.Final.jar;C:\Users\DELL\.m2\repository\io\netty\netty-resolver\4.1.96.Final\netty-resolver-4.1.96.Final.jar;C:\Users\DELL\.m2\repository\io\netty\netty-codec-haproxy\4.1.96.Final\netty-codec-haproxy-4.1.96.Final.jar;C:\Users\DELL\.m2\repository\io\netty\netty-codec\4.1.96.Final\netty-codec-4.1.96.Final.jar;C:\Users\DELL\.m2\repository\io\netty\netty-codec-http2\4.1.96.Final\netty-codec-http2-4.1.96.Final.jar;C:\Users\DELL\.m2\repository\io\netty\netty-handler\4.1.96.Final\netty-handler-4.1.96.Final.jar;C:\Users\DELL\.m2\repository\io\netty\netty-codec-http\4.1.96.Final\netty-codec-http-4.1.96.Final.jar;C:\Users\DELL\.m2\repository\io\netty\netty-resolver-dns\4.1.96.Final\netty-resolver-dns-4.1.96.Final.jar;C:\Users\DELL\.m2\repository\io\netty\netty-codec-dns\4.1.96.Final\netty-codec-dns-4.1.96.Final.jar;C:\Users\DELL\.m2\repository\org\reactivestreams\reactive-streams\1.0.4\reactive-streams-1.0.4.jar;C:\Users\DELL\.m2\repository\com\google\code\findbugs\jsr305\3.0.2\jsr305-3.0.2.jar;C:\Users\DELL\.m2\repository\io\netty\netty-handler-proxy\4.1.96.Final\netty-handler-proxy-4.1.96.Final.jar;C:\Users\DELL\.m2\repository\io\netty\netty-codec-socks\4.1.96.Final\netty-codec-socks-4.1.96.Final.jar;C:\Users\DELL\.m2\repository\io\netty\netty-transport-native-unix-common\4.1.96.Final\netty-transport-native-unix-common-4.1.96.Final-linux-x86_64.jar;C:\Users\DELL\.m2\repository\io\netty\netty-transport-native-epoll\4.1.96.Final\netty-transport-native-epoll-4.1.96.Final-linux-x86_64.jar;C:\Users\DELL\.m2\repository\io\netty\netty-transport-native-unix-common\4.1.96.Final\netty-transport-native-unix-common-4.1.96.Final.jar;C:\Users\DELL\.m2\repository\io\netty\netty-transport-classes-epoll\4.1.96.Final\netty-transport-classes-epoll-4.1.96.Final.jar;C:\Users\DELL\.m2\repository\io\netty\netty-transport-native-unix-common\4.1.96.Final\netty-transport-native-unix-common-4.1.96.Final-linux-aarch_64.jar;C:\Users\DELL\.m2\repository\io\netty\netty-transport-native-epoll\4.1.96.Final\netty-transport-native-epoll-4.1.96.Final-linux-aarch_64.jar;C:\Users\DELL\.m2\repository\io\netty\netty-transport-native-unix-common\4.1.96.Final\netty-transport-native-unix-common-4.1.96.Final-osx-x86_64.jar;C:\Users\DELL\.m2\repository\io\netty\netty-transport-native-kqueue\4.1.96.Final\netty-transport-native-kqueue-4.1.96.Final-osx-x86_64.jar;C:\Users\DELL\.m2\repository\io\netty\netty-transport-classes-kqueue\4.1.96.Final\netty-transport-classes-kqueue-4.1.96.Final.jar;C:\Users\DELL\.m2\repository\io\netty\netty-resolver-dns-native-macos\4.1.96.Final\netty-resolver-dns-native-macos-4.1.96.Final-osx-x86_64.jar;C:\Users\DELL\.m2\repository\io\netty\netty-resolver-dns-classes-macos\4.1.96.Final\netty-resolver-dns-classes-macos-4.1.96.Final.jar;C:\Users\DELL\.m2\repository\io\netty\netty-transport-native-unix-common\4.1.96.Final\netty-transport-native-unix-common-4.1.96.Final-osx-aarch_64.jar;C:\Users\DELL\.m2\repository\io\netty\netty-transport-native-kqueue\4.1.96.Final\netty-transport-native-kqueue-4.1.96.Final-osx-aarch_64.jar;C:\Users\DELL\.m2\repository\io\netty\netty-resolver-dns-native-macos\4.1.96.Final\netty-resolver-dns-native-macos-4.1.96.Final-osx-aarch_64.jar;C:\Users\DELL\.m2\repository\io\netty\netty-tcnative-boringssl-static\2.0.61.Final\netty-tcnative-boringssl-static-2.0.61.Final-linux-x86_64.jar;C:\Users\DELL\.m2\repository\io\netty\netty-tcnative-classes\2.0.61.Final\netty-tcnative-classes-2.0.61.Final.jar;C:\Users\DELL\.m2\repository\io\netty\netty-tcnative-boringssl-static\2.0.61.Final\netty-tcnative-boringssl-static-2.0.61.Final-linux-aarch_64.jar;C:\Users\DELL\.m2\repository\io\netty\netty-tcnative-boringssl-static\2.0.61.Final\netty-tcnative-boringssl-static-2.0.61.Final-osx-x86_64.jar;C:\Users\DELL\.m2\repository\io\netty\netty-tcnative-boringssl-static\2.0.61.Final\netty-tcnative-boringssl-static-2.0.61.Final-osx-aarch_64.jar;C:\Users\DELL\.m2\repository\io\netty\netty-tcnative-boringssl-static\2.0.61.Final\netty-tcnative-boringssl-static-2.0.61.Final-windows-x86_64.jar;C:\Users\DELL\.m2\repository\com\aayushatharva\brotli4j\brotli4j\1.12.0\brotli4j-1.12.0.jar;C:\Users\DELL\.m2\repository\com\aayushatharva\brotli4j\service\1.12.0\service-1.12.0.jar;C:\Users\DELL\.m2\repository\com\aayushatharva\brotli4j\native-windows-x86_64\1.12.0\native-windows-x86_64-1.12.0.jar;C:\Users\DELL\.m2\repository\org\apache\httpcomponents\httpclient\4.5.14\httpclient-4.5.14.jar;C:\Users\DELL\.m2\repository\org\apache\httpcomponents\httpcore\4.4.16\httpcore-4.4.16.jar;C:\Users\DELL\.m2\repository\commons-codec\commons-codec\1.16.0\commons-codec-1.16.0.jar;C:\Users\DELL\.m2\repository\ch\qos\logback\logback-classic\1.4.11\logback-classic-1.4.11.jar;C:\Users\DELL\.m2\repository\ch\qos\logback\logback-core\1.4.11\logback-core-1.4.11.jar;C:\Users\DELL\.m2\repository\org\slf4j\jcl-over-slf4j\2.0.9\jcl-over-slf4j-2.0.9.jar;C:\Users\DELL\.m2\repository\org\antlr\antlr4-runtime\4.11.1\antlr4-runtime-4.11.1.jar;C:\Users\DELL\.m2\repository\com\jayway\jsonpath\json-path\2.8.0\json-path-2.8.0.jar;C:\Users\DELL\.m2\repository\net\minidev\json-smart\2.4.10\json-smart-2.4.10.jar;C:\Users\DELL\.m2\repository\net\minidev\accessors-smart\2.4.9\accessors-smart-2.4.9.jar;C:\Users\DELL\.m2\repository\org\ow2\asm\asm\9.3\asm-9.3.jar;C:\Users\DELL\.m2\repository\org\yaml\snakeyaml\2.0\snakeyaml-2.0.jar;C:\Users\DELL\.m2\repository\de\siegmar\fastcsv\2.2.1\fastcsv-2.2.1.jar;C:\Users\DELL\.m2\repository\info\picocli\picocli\4.7.1\picocli-4.7.1.jar;C:\Users\DELL\.m2\repository\io\github\classgraph\classgraph\4.8.160\classgraph-4.8.160.jar;C:\Users\DELL\.m2\repository\io\github\t12y\resemble\1.0.2\resemble-1.0.2.jar;C:\Users\DELL\.m2\repository\io\github\t12y\ssim\1.0.0\ssim-1.0.0.jar;C:\Users\DELL\.m2\repository\net\masterthought\cucumber-reporting\5.7.7\cucumber-reporting-5.7.7.jar;C:\Users\DELL\.m2\repository\com\fasterxml\jackson\core\jackson-databind\2.15.2\jackson-databind-2.15.2.jar;C:\Users\DELL\.m2\repository\com\fasterxml\jackson\datatype\jackson-datatype-jsr310\2.15.2\jackson-datatype-jsr310-2.15.2.jar;C:\Users\DELL\.m2\repository\org\apache\velocity\velocity-engine-core\2.3\velocity-engine-core-2.3.jar;C:\Users\DELL\.m2\repository\joda-time\joda-time\2.12.5\joda-time-2.12.5.jar;C:\Users\DELL\.m2\repository\org\apache\commons\commons-lang3\3.13.0\commons-lang3-3.13.0.jar;C:\Users\DELL\.m2\repository\commons-io\commons-io\2.7\commons-io-2.7.jar;C:\Users\DELL\.m2\repository\org\codehaus\plexus\plexus-utils\3.5.1\plexus-utils-3.5.1.jar;C:\Users\DELL\.m2\repository\org\jsoup\jsoup\1.16.1\jsoup-1.16.1.jar;C:\Users\DELL\.m2\repository\com\googlecode\owasp-java-html-sanitizer\owasp-java-html-sanitizer\20220608.1\owasp-java-html-sanitizer-20220608.1.jar;C:\Users\DELL\.m2\repository\com\google\guava\guava\30.1-jre\guava-30.1-jre.jar;C:\Users\DELL\.m2\repository\com\google\guava\failureaccess\1.0.1\failureaccess-1.0.1.jar;C:\Users\DELL\.m2\repository\com\google\guava\listenablefuture\9999.0-empty-to-avoid-conflict-with-guava\listenablefuture-9999.0-empty-to-avoid-conflict-with-guava.jar;C:\Users\DELL\.m2\repository\org\checkerframework\checker-qual\3.5.0\checker-qual-3.5.0.jar;C:\Users\DELL\.m2\repository\com\google\errorprone\error_prone_annotations\2.3.4\error_prone_annotations-2.3.4.jar;C:\Users\DELL\.m2\repository\com\google\j2objc\j2objc-annotations\1.3\j2objc-annotations-1.3.jar;C:\Users\DELL\.m2\repository\commons-configuration\commons-configuration\1.10\commons-configuration-1.10.jar;C:\Users\DELL\.m2\repository\commons-lang\commons-lang\2.6\commons-lang-2.6.jar;C:\Users\DELL\.m2\repository\commons-logging\commons-logging\1.1.1\commons-logging-1.1.1.jar;"/>
    <property name="java.vm.vendor" value="Eclipse Adoptium"/>
    <property name="sun.arch.data.model" value="64"/>
    <property name="user.variant" value=""/>
    <property name="java.vendor.url" value="https://adoptium.net/"/>
    <property name="user.timezone" value="Asia/Calcutta"/>
    <property name="os.name" value="Windows 10"/>
    <property name="java.vm.specification.version" value="21"/>
    <property name="sun.java.launcher" value="SUN_STANDARD"/>
    <property name="user.country" value="IN"/>
    <property name="sun.boot.library.path" value="C:\Program Files\Eclipse Adoptium\jdk-21.0.6.7-hotspot\bin"/>
    <property name="sun.java.command" value="C:\Users\DELL\AppData\Local\Temp\surefire15092371929931917476\surefirebooter17167004142599130558.jar C:\Users\DELL\AppData\Local\Temp\surefire15092371929931917476 2025-04-25T22-36-19_526-jvmRun1 surefire1643075074456891983tmp surefire_0644321993509816279tmp"/>
    <property name="jdk.debug" value="release"/>
    <property name="surefire.test.class.path" value="E:\KarateAPIAutomation\automate-karateAPIAutomation\target\test-classes;E:\KarateAPIAutomation\automate-karateAPIAutomation\target\classes;C:\Users\DELL\.m2\repository\com\intuit\karate\karate-junit5\1.4.1\karate-junit5-1.4.1.jar;C:\Users\DELL\.m2\repository\org\junit\jupiter\junit-jupiter-api\5.9.3\junit-jupiter-api-5.9.3.jar;C:\Users\DELL\.m2\repository\org\opentest4j\opentest4j\1.2.0\opentest4j-1.2.0.jar;C:\Users\DELL\.m2\repository\org\junit\platform\junit-platform-commons\1.9.3\junit-platform-commons-1.9.3.jar;C:\Users\DELL\.m2\repository\org\apiguardian\apiguardian-api\1.1.2\apiguardian-api-1.1.2.jar;C:\Users\DELL\.m2\repository\org\junit\jupiter\junit-jupiter-engine\5.9.3\junit-jupiter-engine-5.9.3.jar;C:\Users\DELL\.m2\repository\org\junit\platform\junit-platform-engine\1.9.3\junit-platform-engine-1.9.3.jar;C:\Users\DELL\.m2\repository\com\intuit\karate\karate-core\1.4.1\karate-core-1.4.1.jar;C:\Users\DELL\.m2\repository\org\graalvm\js\js-scriptengine\22.3.3\js-scriptengine-22.3.3.jar;C:\Users\DELL\.m2\repository\org\graalvm\sdk\graal-sdk\22.3.3\graal-sdk-22.3.3.jar;C:\Users\DELL\.m2\repository\org\graalvm\js\js\22.3.3\js-22.3.3.jar;C:\Users\DELL\.m2\repository\org\graalvm\regex\regex\22.3.3\regex-22.3.3.jar;C:\Users\DELL\.m2\repository\org\graalvm\truffle\truffle-api\22.3.3\truffle-api-22.3.3.jar;C:\Users\DELL\.m2\repository\com\ibm\icu\icu4j\71.1\icu4j-71.1.jar;C:\Users\DELL\.m2\repository\org\thymeleaf\thymeleaf\3.1.2.RELEASE\thymeleaf-3.1.2.RELEASE.jar;C:\Users\DELL\.m2\repository\ognl\ognl\3.3.4\ognl-3.3.4.jar;C:\Users\DELL\.m2\repository\org\javassist\javassist\3.29.0-GA\javassist-3.29.0-GA.jar;C:\Users\DELL\.m2\repository\org\attoparser\attoparser\2.0.7.RELEASE\attoparser-2.0.7.RELEASE.jar;C:\Users\DELL\.m2\repository\org\unbescape\unbescape\1.1.6.RELEASE\unbescape-1.1.6.RELEASE.jar;C:\Users\DELL\.m2\repository\org\slf4j\slf4j-api\2.0.7\slf4j-api-2.0.7.jar;C:\Users\DELL\.m2\repository\com\linecorp\armeria\armeria\1.25.2\armeria-1.25.2.jar;C:\Users\DELL\.m2\repository\com\fasterxml\jackson\core\jackson-core\2.15.2\jackson-core-2.15.2.jar;C:\Users\DELL\.m2\repository\com\fasterxml\jackson\core\jackson-annotations\2.15.2\jackson-annotations-2.15.2.jar;C:\Users\DELL\.m2\repository\com\fasterxml\jackson\datatype\jackson-datatype-jdk8\2.15.2\jackson-datatype-jdk8-2.15.2.jar;C:\Users\DELL\.m2\repository\io\micrometer\micrometer-core\1.11.3\micrometer-core-1.11.3.jar;C:\Users\DELL\.m2\repository\io\micrometer\micrometer-commons\1.11.3\micrometer-commons-1.11.3.jar;C:\Users\DELL\.m2\repository\io\micrometer\micrometer-observation\1.11.3\micrometer-observation-1.11.3.jar;C:\Users\DELL\.m2\repository\org\hdrhistogram\HdrHistogram\2.1.12\HdrHistogram-2.1.12.jar;C:\Users\DELL\.m2\repository\org\latencyutils\LatencyUtils\2.0.3\LatencyUtils-2.0.3.jar;C:\Users\DELL\.m2\repository\io\netty\netty-transport\4.1.96.Final\netty-transport-4.1.96.Final.jar;C:\Users\DELL\.m2\repository\io\netty\netty-common\4.1.96.Final\netty-common-4.1.96.Final.jar;C:\Users\DELL\.m2\repository\io\netty\netty-buffer\4.1.96.Final\netty-buffer-4.1.96.Final.jar;C:\Users\DELL\.m2\repository\io\netty\netty-resolver\4.1.96.Final\netty-resolver-4.1.96.Final.jar;C:\Users\DELL\.m2\repository\io\netty\netty-codec-haproxy\4.1.96.Final\netty-codec-haproxy-4.1.96.Final.jar;C:\Users\DELL\.m2\repository\io\netty\netty-codec\4.1.96.Final\netty-codec-4.1.96.Final.jar;C:\Users\DELL\.m2\repository\io\netty\netty-codec-http2\4.1.96.Final\netty-codec-http2-4.1.96.Final.jar;C:\Users\DELL\.m2\repository\io\netty\netty-handler\4.1.96.Final\netty-handler-4.1.96.Final.jar;C:\Users\DELL\.m2\repository\io\netty\netty-codec-http\4.1.96.Final\netty-codec-http-4.1.96.Final.jar;C:\Users\DELL\.m2\repository\io\netty\netty-resolver-dns\4.1.96.Final\netty-resolver-dns-4.1.96.Final.jar;C:\Users\DELL\.m2\repository\io\netty\netty-codec-dns\4.1.96.Final\netty-codec-dns-4.1.96.Final.jar;C:\Users\DELL\.m2\repository\org\reactivestreams\reactive-streams\1.0.4\reactive-streams-1.0.4.jar;C:\Users\DELL\.m2\repository\com\google\code\findbugs\jsr305\3.0.2\jsr305-3.0.2.jar;C:\Users\DELL\.m2\repository\io\netty\netty-handler-proxy\4.1.96.Final\netty-handler-proxy-4.1.96.Final.jar;C:\Users\DELL\.m2\repository\io\netty\netty-codec-socks\4.1.96.Final\netty-codec-socks-4.1.96.Final.jar;C:\Users\DELL\.m2\repository\io\netty\netty-transport-native-unix-common\4.1.96.Final\netty-transport-native-unix-common-4.1.96.Final-linux-x86_64.jar;C:\Users\DELL\.m2\repository\io\netty\netty-transport-native-epoll\4.1.96.Final\netty-transport-native-epoll-4.1.96.Final-linux-x86_64.jar;C:\Users\DELL\.m2\repository\io\netty\netty-transport-native-unix-common\4.1.96.Final\netty-transport-native-unix-common-4.1.96.Final.jar;C:\Users\DELL\.m2\repository\io\netty\netty-transport-classes-epoll\4.1.96.Final\netty-transport-classes-epoll-4.1.96.Final.jar;C:\Users\DELL\.m2\repository\io\netty\netty-transport-native-unix-common\4.1.96.Final\netty-transport-native-unix-common-4.1.96.Final-linux-aarch_64.jar;C:\Users\DELL\.m2\repository\io\netty\netty-transport-native-epoll\4.1.96.Final\netty-transport-native-epoll-4.1.96.Final-linux-aarch_64.jar;C:\Users\DELL\.m2\repository\io\netty\netty-transport-native-unix-common\4.1.96.Final\netty-transport-native-unix-common-4.1.96.Final-osx-x86_64.jar;C:\Users\DELL\.m2\repository\io\netty\netty-transport-native-kqueue\4.1.96.Final\netty-transport-native-kqueue-4.1.96.Final-osx-x86_64.jar;C:\Users\DELL\.m2\repository\io\netty\netty-transport-classes-kqueue\4.1.96.Final\netty-transport-classes-kqueue-4.1.96.Final.jar;C:\Users\DELL\.m2\repository\io\netty\netty-resolver-dns-native-macos\4.1.96.Final\netty-resolver-dns-native-macos-4.1.96.Final-osx-x86_64.jar;C:\Users\DELL\.m2\repository\io\netty\netty-resolver-dns-classes-macos\4.1.96.Final\netty-resolver-dns-classes-macos-4.1.96.Final.jar;C:\Users\DELL\.m2\repository\io\netty\netty-transport-native-unix-common\4.1.96.Final\netty-transport-native-unix-common-4.1.96.Final-osx-aarch_64.jar;C:\Users\DELL\.m2\repository\io\netty\netty-transport-native-kqueue\4.1.96.Final\netty-transport-native-kqueue-4.1.96.Final-osx-aarch_64.jar;C:\Users\DELL\.m2\repository\io\netty\netty-resolver-dns-native-macos\4.1.96.Final\netty-resolver-dns-native-macos-4.1.96.Final-osx-aarch_64.jar;C:\Users\DELL\.m2\repository\io\netty\netty-tcnative-boringssl-static\2.0.61.Final\netty-tcnative-boringssl-static-2.0.61.Final-linux-x86_64.jar;C:\Users\DELL\.m2\repository\io\netty\netty-tcnative-classes\2.0.61.Final\netty-tcnative-classes-2.0.61.Final.jar;C:\Users\DELL\.m2\repository\io\netty\netty-tcnative-boringssl-static\2.0.61.Final\netty-tcnative-boringssl-static-2.0.61.Final-linux-aarch_64.jar;C:\Users\DELL\.m2\repository\io\netty\netty-tcnative-boringssl-static\2.0.61.Final\netty-tcnative-boringssl-static-2.0.61.Final-osx-x86_64.jar;C:\Users\DELL\.m2\repository\io\netty\netty-tcnative-boringssl-static\2.0.61.Final\netty-tcnative-boringssl-static-2.0.61.Final-osx-aarch_64.jar;C:\Users\DELL\.m2\repository\io\netty\netty-tcnative-boringssl-static\2.0.61.Final\netty-tcnative-boringssl-static-2.0.61.Final-windows-x86_64.jar;C:\Users\DELL\.m2\repository\com\aayushatharva\brotli4j\brotli4j\1.12.0\brotli4j-1.12.0.jar;C:\Users\DELL\.m2\repository\com\aayushatharva\brotli4j\service\1.12.0\service-1.12.0.jar;C:\Users\DELL\.m2\repository\com\aayushatharva\brotli4j\native-windows-x86_64\1.12.0\native-windows-x86_64-1.12.0.jar;C:\Users\DELL\.m2\repository\org\apache\httpcomponents\httpclient\4.5.14\httpclient-4.5.14.jar;C:\Users\DELL\.m2\repository\org\apache\httpcomponents\httpcore\4.4.16\httpcore-4.4.16.jar;C:\Users\DELL\.m2\repository\commons-codec\commons-codec\1.16.0\commons-codec-1.16.0.jar;C:\Users\DELL\.m2\repository\ch\qos\logback\logback-classic\1.4.11\logback-classic-1.4.11.jar;C:\Users\DELL\.m2\repository\ch\qos\logback\logback-core\1.4.11\logback-core-1.4.11.jar;C:\Users\DELL\.m2\repository\org\slf4j\jcl-over-slf4j\2.0.9\jcl-over-slf4j-2.0.9.jar;C:\Users\DELL\.m2\repository\org\antlr\antlr4-runtime\4.11.1\antlr4-runtime-4.11.1.jar;C:\Users\DELL\.m2\repository\com\jayway\jsonpath\json-path\2.8.0\json-path-2.8.0.jar;C:\Users\DELL\.m2\repository\net\minidev\json-smart\2.4.10\json-smart-2.4.10.jar;C:\Users\DELL\.m2\repository\net\minidev\accessors-smart\2.4.9\accessors-smart-2.4.9.jar;C:\Users\DELL\.m2\repository\org\ow2\asm\asm\9.3\asm-9.3.jar;C:\Users\DELL\.m2\repository\org\yaml\snakeyaml\2.0\snakeyaml-2.0.jar;C:\Users\DELL\.m2\repository\de\siegmar\fastcsv\2.2.1\fastcsv-2.2.1.jar;C:\Users\DELL\.m2\repository\info\picocli\picocli\4.7.1\picocli-4.7.1.jar;C:\Users\DELL\.m2\repository\io\github\classgraph\classgraph\4.8.160\classgraph-4.8.160.jar;C:\Users\DELL\.m2\repository\io\github\t12y\resemble\1.0.2\resemble-1.0.2.jar;C:\Users\DELL\.m2\repository\io\github\t12y\ssim\1.0.0\ssim-1.0.0.jar;C:\Users\DELL\.m2\repository\net\masterthought\cucumber-reporting\5.7.7\cucumber-reporting-5.7.7.jar;C:\Users\DELL\.m2\repository\com\fasterxml\jackson\core\jackson-databind\2.15.2\jackson-databind-2.15.2.jar;C:\Users\DELL\.m2\repository\com\fasterxml\jackson\datatype\jackson-datatype-jsr310\2.15.2\jackson-datatype-jsr310-2.15.2.jar;C:\Users\DELL\.m2\repository\org\apache\velocity\velocity-engine-core\2.3\velocity-engine-core-2.3.jar;C:\Users\DELL\.m2\repository\joda-time\joda-time\2.12.5\joda-time-2.12.5.jar;C:\Users\DELL\.m2\repository\org\apache\commons\commons-lang3\3.13.0\commons-lang3-3.13.0.jar;C:\Users\DELL\.m2\repository\commons-io\commons-io\2.7\commons-io-2.7.jar;C:\Users\DELL\.m2\repository\org\codehaus\plexus\plexus-utils\3.5.1\plexus-utils-3.5.1.jar;C:\Users\DELL\.m2\repository\org\jsoup\jsoup\1.16.1\jsoup-1.16.1.jar;C:\Users\DELL\.m2\repository\com\googlecode\owasp-java-html-sanitizer\owasp-java-html-sanitizer\20220608.1\owasp-java-html-sanitizer-20220608.1.jar;C:\Users\DELL\.m2\repository\com\google\guava\guava\30.1-jre\guava-30.1-jre.jar;C:\Users\DELL\.m2\repository\com\google\guava\failureaccess\1.0.1\failureaccess-1.0.1.jar;C:\Users\DELL\.m2\repository\com\google\guava\listenablefuture\9999.0-empty-to-avoid-conflict-with-guava\listenablefuture-9999.0-empty-to-avoid-conflict-with-guava.jar;C:\Users\DELL\.m2\repository\org\checkerframework\checker-qual\3.5.0\checker-qual-3.5.0.jar;C:\Users\DELL\.m2\repository\com\google\errorprone\error_prone_annotations\2.3.4\error_prone_annotations-2.3.4.jar;C:\Users\DELL\.m2\repository\com\google\j2objc\j2objc-annotations\1.3\j2objc-annotations-1.3.jar;C:\Users\DELL\.m2\repository\commons-configuration\commons-configuration\1.10\commons-configuration-1.10.jar;C:\Users\DELL\.m2\repository\commons-lang\commons-lang\2.6\commons-lang-2.6.jar;C:\Users\DELL\.m2\repository\commons-logging\commons-logging\1.1.1\commons-logging-1.1.1.jar;"/>
    <property name="sun.cpu.endian" value="little"/>
    <property name="user.home" value="C:\Users\DELL"/>
    <property name="user.language" value="en"/>
    <property name="java.specification.vendor" value="Oracle Corporation"/>
    <property name="java.version.date" value="2025-01-21"/>
    <property name="java.home" value="C:\Program Files\Eclipse Adoptium\jdk-21.0.6.7-hotspot"/>
    <property name="file.separator" value="\"/>
    <property name="basedir" value="E:\KarateAPIAutomation\automate-karateAPIAutomation"/>
    <property name="java.vm.compressedOopsMode" value="Zero based"/>
    <property name="line.separator" value="&#10;"/>
    <property name="java.vm.specification.vendor" value="Oracle Corporation"/>
    <property name="java.specification.name" value="Java Platform API Specification"/>
    <property name="surefire.real.class.path" value="C:\Users\DELL\AppData\Local\Temp\surefire15092371929931917476\surefirebooter17167004142599130558.jar"/>
    <property name="user.script" value=""/>
    <property name="sun.management.compiler" value="HotSpot 64-Bit Tiered Compilers"/>
    <property name="java.runtime.version" value="21.0.6+7-LTS"/>
    <property name="user.name" value="DELL"/>
    <property name="stdout.encoding" value="Cp1252"/>
    <property name="path.separator" value=";"/>
    <property name="os.version" value="10.0"/>
    <property name="java.runtime.name" value="OpenJDK Runtime Environment"/>
    <property name="file.encoding" value="UTF-8"/>
    <property name="java.vm.name" value="OpenJDK 64-Bit Server VM"/>
    <property name="java.vendor.version" value="Temurin-21.0.6+7"/>
    <property name="localRepository" value="C:\Users\DELL\.m2\repository"/>
    <property name="java.vendor.url.bug" value="https://github.com/adoptium/adoptium-support/issues"/>
    <property name="java.io.tmpdir" value="C:\Users\DELL\AppData\Local\Temp\"/>
    <property name="java.version" value="21.0.6"/>
    <property name="user.dir" value="E:\KarateAPIAutomation\automate-karateAPIAutomation"/>
    <property name="os.arch" value="amd64"/>
    <property name="java.vm.specification.name" value="Java Virtual Machine Specification"/>
    <property name="sun.os.patch.level" value=""/>
    <property name="native.encoding" value="Cp1252"/>
    <property name="java.library.path" value="C:\Program Files\Eclipse Adoptium\jdk-21.0.6.7-hotspot\bin;C:\Windows\Sun\Java\bin;C:\Windows\system32;C:\Windows;C:\Program Files\Eclipse Adoptium\jdk-21.0.6.7-hotspot\bin;C:\Program Files\Common Files\Oracle\Java\javapath;C:\Windows\system32;C:\Windows;C:\Windows\System32\Wbem;C:\Windows\System32\WindowsPowerShell\v1.0\;C:\Windows\System32\OpenSSH\;C:\Program Files\Java\jdk-18.0.2.1\bin;D:\Work Realated\apache-maven-3.9.8\bin;%M2_HOME%\bin;D:\Work Realated\ADAPT_CBF\ADAPT_CBF;D:\Work Realated\ADAPT_CBF\ADAPT_CBF\Resources;C:\Program Files\Git\cmd;C:\Program Files (x86)\NVIDIA Corporation\PhysX\Common;C:\Program Files\NVIDIA Corporation\NVIDIA app\NvDLISR;C:\apache-maven-3.9.8\bin;;e:\cursor\resources\app\bin;C:\Users\DELL\AppData\Local\Microsoft\WindowsApps;C:\Program Files\Java\jdk-18.0.2.1\bin;D:\Work Realated\apache-maven-3.9.8\bin;%M2_HOME%\bin;D:\Work Realated\ADAPT_CBF\ADAPT_CBF;C:\Users\DELL\AppData\Local\Programs\Microsoft VS Code\bin;E:\cursor\resources\app\bin;C:\apache-maven-3.9.8\bin;;."/>
    <property name="java.vm.info" value="mixed mode, sharing"/>
    <property name="stderr.encoding" value="Cp1252"/>
    <property name="java.vendor" value="Eclipse Adoptium"/>
    <property name="java.vm.version" value="21.0.6+7-LTS"/>
    <property name="sun.io.unicode.encoding" value="UnicodeLittle"/>
    <property name="java.class.version" value="65.0"/>
  </properties>
  <testcase name="testUsers" classname="TestRunner" time="0.824"/>
</testsuite>